<?xml version="1.0" encoding="UTF-8"?>
<!-- Generated by org.testng.reporters.JUnitReportReporter -->
<testsuite hostname="DESKTOP-23APAAD" failures="0" tests="1" name="com.pages.Tutor_Register" time="85.590" errors="0" timestamp="2021-11-10T18:21:32 IST" skipped="0">
  <testcase classname="com.pages.Tutor_Register" name="login" time="85.590"/>
  <system-out>
    <![CDATA[Clicked on Create Account
Clicked on Tutor
Type On First Name
Type On Last Name
Type On Email
Clicked on Male
Type On Password
Type On Confirm Password
Clicked on Country Flag
Clicked on India
Type On Mobile Number
Scrolled On To Submit Button
Clicked on Terms & Conditions
Clicked on Submit Button
Type On Yop Mail
Clicked on Next Button
Type On Verification Code
Clicked on
Scrolled On To Next Button
Clicked on Next Button
Clicked on Tutor Location
Entered Address value Tutor Location
Clicked on Map Location
Scrolled On To Next Button
Clicked on Next Button
Clicked on Add Specializations
Clicked on Subject
Clicked on English Subject
Clicked on Next Button
Clicked on Grade One To Four 
Clicked on Grade Five TO Eight 
Clicked on Grade Nine To Ten
Clicked on Grade Eleven To Twelve
Clicked on Higher studies
Clicked on Next Button
Clicked on Search Topics
Clicked on American English
Clicked on Submit Button
Clicked on Next Button
Clicked on Certification Name
Type On Certification Name
Mouse Hovered to element andl clicked Successfully
Mouse Hovered to element andl clicked Successfully
Uploaded Documents Successfully
Clicked on Submit Button
Scrolled On To Next Button
Clicked on Next Button
Clicked on Referrence Email One
Type On Referrence Email One
Clicked on Referrence Email Two
Type On Referrence Email Two
Clicked on Referrence Email Three
Type On Referrence Email Three
Mouse Hovered to element andl clicked Successfully
Uploaded Documents Successfully
Clicked on Next Button
Clicked on Finish Button
Clicked onSubmit for Verification
Clicked onSubmit for Verification]]>
  </system-out>
</testsuite> <!-- com.pages.Tutor_Register -->
