<?xml version="1.0" encoding="UTF-8"?>
<!-- Generated by org.testng.reporters.JUnitReportReporter -->
<testsuite hostname="MohamedIlyas" failures="0" tests="1" name="com.testcases.Testcases" time="9.386" errors="0" timestamp="2023-07-26T19:30:09 IST" skipped="0">
  <testcase classname="com.testcases.Testcases" name="signupmethod" time="9.386"/>
  <system-out>
    <![CDATA[Clicked on Login Button
Type On Email Id
Clicked on Contine button
Type On Password
Clicked on Log in button]]>
  </system-out>
</testsuite> <!-- com.testcases.Testcases -->
